INFO:     Started server process [409]
INFO:     Waiting for application startup.
🚀 Starting ChadPay...
2026-02-09 11:57:25,129 INFO sqlalchemy.engine.Engine BEGIN (implicit)
2026-02-09 11:57:25,130 INFO sqlalchemy.engine.Engine PRAGMA main.table_info("merchants")
2026-02-09 11:57:25,130 INFO sqlalchemy.engine.Engine [raw sql] ()
2026-02-09 11:57:25,131 INFO sqlalchemy.engine.Engine PRAGMA main.table_info("merchant_users")
2026-02-09 11:57:25,131 INFO sqlalchemy.engine.Engine [raw sql] ()
2026-02-09 11:57:25,131 INFO sqlalchemy.engine.Engine PRAGMA main.table_info("payment_intents")
2026-02-09 11:57:25,131 INFO sqlalchemy.engine.Engine [raw sql] ()
2026-02-09 11:57:25,132 INFO sqlalchemy.engine.Engine PRAGMA main.table_info("transactions")
2026-02-09 11:57:25,132 INFO sqlalchemy.engine.Engine [raw sql] ()
2026-02-09 11:57:25,132 INFO sqlalchemy.engine.Engine PRAGMA main.table_info("audit_logs")
2026-02-09 11:57:25,132 INFO sqlalchemy.engine.Engine [raw sql] ()
2026-02-09 11:57:25,132 INFO sqlalchemy.engine.Engine PRAGMA main.table_info("settings")
2026-02-09 11:57:25,133 INFO sqlalchemy.engine.Engine [raw sql] ()
2026-02-09 11:57:25,133 INFO sqlalchemy.engine.Engine COMMIT
INFO:     Application startup complete.
INFO:     Uvicorn running on http://0.0.0.0:8000 (Press CTRL+C to quit)
✅ Database initialized
INFO:     127.0.0.1:34334 - "GET /health HTTP/1.1" 200 OK
INFO:     127.0.0.1:53882 - "GET / HTTP/1.1" 200 OK
INFO:     127.0.0.1:53896 - "GET /admin/login HTTP/1.1" 200 OK
